Existing file D:\GitCode\order-service\src\main\resources\mapper\base\AgentOrderMapper.xml was overwritten
Existing file D:\GitCode\order-service\src\main\resources\mapper\base\AgentOrderDetailMapper.xml was overwritten
Existing file D:\GitCode\order-service\src\main\resources\mapper\base\AgentCartMapper.xml was overwritten
Existing file D:\GitCode\order-service\src\main\resources\mapper\base\AgentDeliveryAddressMapper.xml was overwritten
Existing file D:\GitCode\order-service\src\main\resources\mapper\base\AgentMallBaseConfigMapper.xml was overwritten
Existing file D:\GitCode\order-service\src\main\resources\mapper\base\AgentOrderFormConfigMapper.xml was overwritten
Existing file D:\GitCode\order-service\src\main\resources\mapper\base\AgentOrderLogMapper.xml was overwritten
Existing file D:\GitCode\order-service\src\main\resources\mapper\base\ExpressOrderMapper.xml was overwritten
Existing file D:\GitCode\order-service\src\main\resources\mapper\base\ExpressMapper.xml was overwritten
Existing file D:\GitCode\order-service\src\main\resources\mapper\base\ExpressOrderLogMapper.xml was overwritten
Existing file D:\GitCode\order-service\src\main\resources\mapper\base\AgentOrderInvoiceInfoMapper.xml was overwritten
Existing file D:\GitCode\order-service\src\main\resources\mapper\base\ConfigOrderMapper.xml was overwritten
Existing file D:\GitCode\order-service\src\main\resources\mapper\base\ConfigOrderDetailMapper.xml was overwritten
Existing file D:\GitCode\order-service\src\main\resources\mapper\base\ConfigOrderDiscountInfoMapper.xml was overwritten
Existing file D:\GitCode\order-service\src\main\resources\mapper\base\ConfigOrderExtraInfoMapper.xml was overwritten
Existing file D:\GitCode\order-service\src\main\resources\mapper\base\ConfigPrintOrderMapper.xml was overwritten
Existing file D:\GitCode\order-service\src\main\resources\mapper\base\ConfigPrintOrderDetailMapper.xml was overwritten
Existing file D:\GitCode\order-service\src\main\resources\mapper\base\ConfigPrintOrderExtraInfoMapper.xml was overwritten
Existing file D:\GitCode\order-service\src\main\resources\mapper\base\TemplatePdfMapper.xml was overwritten
Existing file D:\GitCode\order-api\src\main\java\com\morelinks\feign\micro\order\api\model\AgentOrder.java was overwritten
Existing file D:\GitCode\order-api\src\main\java\com\morelinks\feign\micro\order\api\model\AgentOrderDetail.java was overwritten
Existing file D:\GitCode\order-api\src\main\java\com\morelinks\feign\micro\order\api\model\AgentCart.java was overwritten
Existing file D:\GitCode\order-api\src\main\java\com\morelinks\feign\micro\order\api\model\AgentDeliveryAddress.java was overwritten
Existing file D:\GitCode\order-api\src\main\java\com\morelinks\feign\micro\order\api\model\AgentMallBaseConfig.java was overwritten
Existing file D:\GitCode\order-api\src\main\java\com\morelinks\feign\micro\order\api\model\AgentOrderFormConfig.java was overwritten
Existing file D:\GitCode\order-api\src\main\java\com\morelinks\feign\micro\order\api\model\AgentOrderLog.java was overwritten
Existing file D:\GitCode\order-api\src\main\java\com\morelinks\feign\micro\order\api\model\ExpressOrder.java was overwritten
Existing file D:\GitCode\order-api\src\main\java\com\morelinks\feign\micro\order\api\model\Express.java was overwritten
Existing file D:\GitCode\order-api\src\main\java\com\morelinks\feign\micro\order\api\model\ExpressOrderLog.java was overwritten
Existing file D:\GitCode\order-api\src\main\java\com\morelinks\feign\micro\order\api\model\AgentOrderInvoiceInfo.java was overwritten
Existing file D:\GitCode\order-api\src\main\java\com\morelinks\feign\micro\order\api\model\ConfigOrder.java was overwritten
Existing file D:\GitCode\order-api\src\main\java\com\morelinks\feign\micro\order\api\model\ConfigOrderDetail.java was overwritten
Existing file D:\GitCode\order-api\src\main\java\com\morelinks\feign\micro\order\api\model\ConfigOrderDiscountInfo.java was overwritten
Existing file D:\GitCode\order-api\src\main\java\com\morelinks\feign\micro\order\api\model\ConfigOrderExtraInfo.java was overwritten
Existing file D:\GitCode\order-api\src\main\java\com\morelinks\feign\micro\order\api\model\ConfigPrintOrder.java was overwritten
Existing file D:\GitCode\order-api\src\main\java\com\morelinks\feign\micro\order\api\model\ConfigPrintOrderDetail.java was overwritten
Existing file D:\GitCode\order-api\src\main\java\com\morelinks\feign\micro\order\api\model\ConfigPrintOrderExtraInfo.java was overwritten
Existing file D:\GitCode\order-api\src\main\java\com\morelinks\feign\micro\order\api\model\TemplatePdf.java was overwritten

MyBatis Generator finished successfully, there were warnings.
